\BOOKMARK [1][-]{section.1}{\376\377\000M\000a\000r\000g\000i\000n\000\040\000\050\000S\000e\000c\000t\000i\000o\000n\000\040\000D\000\051}{}% 1
\BOOKMARK [2][-]{subsection.1.1}{\376\377\000D\000.\0001\000\040\040\024\000\040\000F\000o\000u\000r\000\040\000L\000a\000y\000e\000r\000s\000\040\000o\000f\000\040\000M\000a\000r\000g\000i\000n}{section.1}% 2
\BOOKMARK [3][-]{subsubsection.1.1.1}{\376\377\000D\000.\0001\000.\0001\000\040\040\024\000\040\000I\000n\000i\000t\000i\000a\000l\000\040\000M\000a\000r\000g\000i\000n\000\040\000R\000a\000t\000e}{subsection.1.1}% 3
\BOOKMARK [3][-]{subsubsection.1.1.2}{\376\377\000D\000.\0001\000.\0002\000\040\040\024\000\040\000M\000a\000i\000n\000t\000e\000n\000a\000n\000c\000e\000\040\000M\000a\000r\000g\000i\000n\000\040\000R\000a\000t\000e}{subsection.1.1}% 4
\BOOKMARK [3][-]{subsubsection.1.1.3}{\376\377\000D\000.\0001\000.\0003\000\040\040\024\000\040\000V\000a\000r\000i\000a\000t\000i\000o\000n\000\040\000M\000a\000r\000g\000i\000n}{subsection.1.1}% 5
\BOOKMARK [3][-]{subsubsection.1.1.4}{\376\377\000D\000.\0001\000.\0004\000\040\040\024\000\040\000O\000v\000e\000r\000n\000i\000g\000h\000t\000\040\000M\000a\000i\000n\000t\000e\000n\000a\000n\000c\000e\000\040\000M\000a\000r\000g\000i\000n}{subsection.1.1}% 6
\BOOKMARK [3][-]{subsubsection.1.1.5}{\376\377\000D\000.\0001\000.\0005\000\040\040\024\000\040\000M\000o\000n\000i\000t\000o\000r\000i\000n\000g\000\040\000F\000r\000a\000m\000e\000w\000o\000r\000k}{subsection.1.1}% 7
\BOOKMARK [2][-]{subsection.1.2}{\376\377\000D\000.\0002\000\040\040\024\000\040\000C\000a\000l\000i\000b\000r\000a\000t\000i\000o\000n\000\040\000o\000f\000\040\000M\000a\000r\000g\000i\000n\000\040\000R\000a\000t\000e\000s}{section.1}% 8
\BOOKMARK [3][-]{subsubsection.1.2.1}{\376\377\000D\000.\0002\000.\0001\000\040\040\024\000\040\000M\000a\000p\000p\000i\000n\000g\000\040\000L\000i\000q\000u\000i\000d\000a\000t\000i\000o\000n\000\040\000G\000r\000o\000u\000p\000s}{subsection.1.2}% 9
\BOOKMARK [3][-]{subsubsection.1.2.2}{\376\377\000D\000.\0002\000.\0002\000\040\040\024\000\040\000S\000c\000e\000n\000a\000r\000i\000o\000\040\000C\000o\000n\000s\000t\000r\000u\000c\000t\000i\000o\000n}{subsection.1.2}% 10
\BOOKMARK [3][-]{subsubsection.1.2.3}{\376\377\000D\000.\0002\000.\0003\000\040\040\024\000\040\000P\000r\000o\000f\000i\000t\000\040\000a\000n\000d\000\040\000L\000o\000s\000s\000\040\000D\000i\000s\000t\000r\000i\000b\000u\000t\000i\000o\000n\000s}{subsection.1.2}% 11
\BOOKMARK [3][-]{subsubsection.1.2.4}{\376\377\000D\000.\0002\000.\0004\000\040\040\024\000\040\000M\000a\000r\000k\000e\000t\000\040\000R\000i\000s\000k\000\040\000C\000o\000m\000p\000o\000n\000e\000n\000t}{subsection.1.2}% 12
\BOOKMARK [3][-]{subsubsection.1.2.5}{\376\377\000D\000.\0002\000.\0005\000\040\040\024\000\040\000L\000i\000q\000u\000i\000d\000i\000t\000y\000\040\000R\000i\000s\000k\000\040\000C\000o\000m\000p\000o\000n\000e\000n\000t}{subsection.1.2}% 13
\BOOKMARK [3][-]{subsubsection.1.2.6}{\376\377\000D\000.\0002\000.\0006\000\040\040\024\000\040\000A\000g\000g\000r\000e\000g\000a\000t\000i\000o\000n\000\040\000a\000n\000d\000\040\000F\000i\000n\000a\000l\000\040\000I\000n\000i\000t\000i\000a\000l\000\040\000M\000a\000r\000g\000i\000n}{subsection.1.2}% 14
\BOOKMARK [1][-]{section.2}{\376\377\000L\000T\000V\000\040\000C\000a\000l\000c\000u\000l\000a\000t\000i\000o\000n\000\040\000M\000e\000t\000h\000o\000d\000o\000l\000o\000g\000y\000\040\000\050\000S\000e\000c\000t\000i\000o\000n\000\040\000E\000\051}{}% 15
\BOOKMARK [2][-]{subsection.2.1}{\376\377\000E\000.\0002\000\040\040\024\000\040\000C\000o\000l\000l\000a\000t\000e\000r\000a\000l\000\040\000L\000T\000V\000:\000\040\000H\000a\000i\000r\000c\000u\000t\000s\000\040\000o\000n\000\040\000P\000o\000s\000t\000e\000d\000\040\000C\000o\000l\000l\000a\000t\000e\000r\000a\000l}{section.2}% 16
\BOOKMARK [3][-]{subsubsection.2.1.1}{\376\377\000E\000.\0002\000.\0002\000\040\040\024\000\040\000H\000a\000i\000r\000c\000u\000t\000\040\000C\000a\000l\000i\000b\000r\000a\000t\000i\000o\000n}{subsection.2.1}% 17
\BOOKMARK [3][-]{subsubsection.2.1.2}{\376\377\000E\000.\0002\000.\0003\000\040\040\024\000\040\000C\000o\000n\000c\000e\000n\000t\000r\000a\000t\000i\000o\000n\000\040\000A\000d\000d\000-\000o\000n\000s}{subsection.2.1}% 18
\BOOKMARK [2][-]{subsection.2.2}{\376\377\000E\000.\0003\000\040\040\024\000\040\000L\000o\000a\000n\000-\000t\000o\000-\000V\000a\000l\000u\000e\000\040\000f\000o\000r\000\040\000M\000a\000r\000g\000i\000n\000\040\000L\000e\000n\000d\000i\000n\000g\000\040\000a\000n\000d\000\040\000L\000e\000v\000e\000r\000a\000g\000e\000d\000\040\000P\000o\000s\000i\000t\000i\000o\000n\000s}{section.2}% 19
\BOOKMARK [3][-]{subsubsection.2.2.1}{\376\377\000E\000.\0003\000.\0002\000\040\040\024\000\040\000L\000T\000V\000\040\000C\000a\000l\000c\000u\000l\000a\000t\000i\000o\000n}{subsection.2.2}% 20
\BOOKMARK [3][-]{subsubsection.2.2.2}{\376\377\000E\000.\0003\000.\0003\000\040\040\024\000\040\000S\000t\000r\000e\000s\000s\000\040\000T\000e\000s\000t\000i\000n\000g\000\040\000L\000T\000V}{subsection.2.2}% 21
\BOOKMARK [1][-]{appendix.A}{\376\377\000C\000o\000n\000s\000o\000l\000i\000d\000a\000t\000e\000d\000\040\000F\000o\000r\000m\000u\000l\000a\000\040\000R\000e\000f\000e\000r\000e\000n\000c\000e}{}% 22
\BOOKMARK [1][-]{appendix.B}{\376\377\000W\000o\000r\000k\000e\000d\000\040\000E\000x\000a\000m\000p\000l\000e\000\040\040\024\000\040\000C\000u\000s\000t\000o\000m\000e\000r\000\040\000O\000p\000e\000n\000s\000\040\000a\000\040\0003\000\040\000L\000e\000v\000e\000r\000a\000g\000e\000d\000\040\000P\000o\000s\000i\000t\000i\000o\000n}{}% 23
