\BOOKMARK [1][-]{section.1}{\376\377\000O\000v\000e\000r\000v\000i\000e\000w}{}% 1
\BOOKMARK [1][-]{section.2}{\376\377\000T\000o\000p\000-\000L\000e\000v\000e\000l\000\040\000T\000a\000s\000k\000:\000\040\000m\000a\000i\000n\000\137\000r\000u\000n\000\137\000p\000n\000l\000\137\000f\000i\000f\000o}{}% 2
\BOOKMARK [2][-]{subsection.2.1}{\376\377\000P\000u\000r\000p\000o\000s\000e}{section.2}% 3
\BOOKMARK [2][-]{subsection.2.2}{\376\377\000P\000i\000p\000e\000l\000i\000n\000e\000\040\000F\000l\000o\000w}{section.2}% 4
\BOOKMARK [2][-]{subsection.2.3}{\376\377\000I\000n\000c\000r\000e\000m\000e\000n\000t\000a\000l\000\040\000D\000a\000t\000e\000\040\000L\000o\000g\000i\000c}{section.2}% 5
\BOOKMARK [1][-]{section.3}{\376\377\000i\000n\000i\000t\000i\000a\000t\000e\000\137\000p\000n\000l\000\137\000e\000n\000g\000i\000n\000e\000\040\040\024\000\040\000D\000a\000y\000-\000L\000o\000o\000p\000\040\000O\000r\000c\000h\000e\000s\000t\000r\000a\000t\000o\000r}{}% 6
\BOOKMARK [2][-]{subsection.3.1}{\376\377\000F\000u\000n\000c\000t\000i\000o\000n\000\040\000S\000i\000g\000n\000a\000t\000u\000r\000e}{section.3}% 7
\BOOKMARK [2][-]{subsection.3.2}{\376\377\000D\000e\000t\000a\000i\000l\000e\000d\000\040\000F\000l\000o\000w}{section.3}% 8
\BOOKMARK [2][-]{subsection.3.3}{\376\377\000C\000a\000c\000h\000e\000\040\000C\000a\000r\000r\000y\000-\000F\000o\000r\000w\000a\000r\000d}{section.3}% 9
\BOOKMARK [2][-]{subsection.3.4}{\376\377\000O\000u\000t\000p\000u\000t\000s}{section.3}% 10
\BOOKMARK [1][-]{section.4}{\376\377\000p\000n\000l\000\137\000r\000e\000a\000l\000i\000s\000e\000d\000\137\000p\000o\000l\000a\000r\000s\000\040\040\024\000\040\000F\000I\000F\000O\000\040\000C\000a\000l\000c\000u\000l\000a\000t\000i\000o\000n\000\040\000E\000n\000g\000i\000n\000e}{}% 11
\BOOKMARK [2][-]{subsection.4.1}{\376\377\000R\000o\000l\000e\000\040\000i\000n\000\040\000t\000h\000e\000\040\000C\000a\000l\000l\000\040\000S\000t\000a\000c\000k}{section.4}% 12
\BOOKMARK [2][-]{subsection.4.2}{\376\377\000I\000n\000p\000u\000t\000\040\000/\000\040\000O\000u\000t\000p\000u\000t}{section.4}% 13
\BOOKMARK [2][-]{subsection.4.3}{\376\377\000I\000n\000t\000e\000r\000n\000a\000l\000\040\000F\000l\000o\000w}{section.4}% 14
\BOOKMARK [2][-]{subsection.4.4}{\376\377\000D\000a\000t\000a\000\040\000S\000t\000r\000u\000c\000t\000u\000r\000e\000s}{section.4}% 15
\BOOKMARK [2][-]{subsection.4.5}{\376\377\000M\000a\000t\000h\000e\000m\000a\000t\000i\000c\000a\000l\000\040\000F\000o\000r\000m\000u\000l\000a\000t\000i\000o\000n}{section.4}% 16
\BOOKMARK [3][-]{subsubsection.4.5.1}{\376\377\000S\000i\000g\000n\000\040\000C\000o\000n\000v\000e\000n\000t\000i\000o\000n}{subsection.4.5}% 17
\BOOKMARK [3][-]{subsubsection.4.5.2}{\376\377\000S\000e\000l\000l\000\040\000T\000r\000a\000d\000e\000\040\000\050\000q\000i\000\040\000<\000\040\0000\000\051\000:\000\040\000L\000o\000n\000g\000\040\000B\000o\000o\000k\000\040\000R\000e\000a\000l\000i\000s\000a\000t\000i\000o\000n}{subsection.4.5}% 18
\BOOKMARK [3][-]{subsubsection.4.5.3}{\376\377\000B\000u\000y\000\040\000T\000r\000a\000d\000e\000\040\000\050\000q\000i\000\040\000>\000\040\0000\000\051\000:\000\040\000S\000h\000o\000r\000t\000\040\000C\000o\000v\000e\000r}{subsection.4.5}% 19
\BOOKMARK [3][-]{subsubsection.4.5.4}{\376\377\000T\000o\000t\000a\000l\000\040\000R\000e\000a\000l\000i\000s\000e\000d\000\040\000P\000\046\000L\000\040\000p\000e\000r\000\040\000T\000r\000a\000d\000e}{subsection.4.5}% 20
\BOOKMARK [3][-]{subsubsection.4.5.5}{\376\377\000U\000n\000r\000e\000a\000l\000i\000s\000e\000d\000\040\000P\000\046\000L}{subsection.4.5}% 21
\BOOKMARK [3][-]{subsubsection.4.5.6}{\376\377\000P\000\046\000L\000\040\000I\000d\000e\000n\000t\000i\000t\000y}{subsection.4.5}% 22
\BOOKMARK [1][-]{section.5}{\376\377\000F\000I\000F\000O\000\040\000M\000a\000t\000c\000h\000i\000n\000g\000\040\000E\000x\000a\000m\000p\000l\000e\000s}{}% 23
\BOOKMARK [2][-]{subsection.5.1}{\376\377\000S\000t\000a\000n\000d\000a\000r\000d\000\040\000S\000e\000l\000l\000\040\000A\000g\000a\000i\000n\000s\000t\000\040\000L\000o\000n\000g\000\040\000B\000o\000o\000k}{section.5}% 24
\BOOKMARK [2][-]{subsection.5.2}{\376\377\000S\000e\000l\000l\000\040\000E\000x\000c\000e\000e\000d\000s\000\040\000A\000v\000a\000i\000l\000a\000b\000l\000e\000\040\000L\000o\000n\000g\000s\000\040\040\024\000\040\000S\000h\000o\000r\000t\000\040\000Q\000u\000e\000u\000e\000\040\000C\000r\000e\000a\000t\000e\000d}{section.5}% 25
\BOOKMARK [1][-]{section.6}{\376\377\000K\000e\000y\000\040\000I\000m\000p\000l\000e\000m\000e\000n\000t\000a\000t\000i\000o\000n\000\040\000N\000o\000t\000e\000s}{}% 26
\BOOKMARK [1][-]{section.7}{\376\377\000I\000n\000f\000r\000a\000s\000t\000r\000u\000c\000t\000u\000r\000e\000:\000\040\000A\000W\000S\000\040\000E\000C\000R\000\040\000\046\000\040\000A\000i\000r\000f\000l\000o\000w\000\040\000O\000r\000c\000h\000e\000s\000t\000r\000a\000t\000i\000o\000n}{}% 27
\BOOKMARK [2][-]{subsection.7.1}{\376\377\000D\000o\000c\000k\000e\000r\000\040\000I\000m\000a\000g\000e\000\040\000o\000n\000\040\000A\000W\000S\000\040\000E\000C\000R}{section.7}% 28
\BOOKMARK [2][-]{subsection.7.2}{\376\377\000S\000n\000o\000w\000f\000l\000a\000k\000e\000\040\000C\000r\000e\000d\000e\000n\000t\000i\000a\000l\000s\000\040\000I\000n\000j\000e\000c\000t\000i\000o\000n}{section.7}% 29
\BOOKMARK [2][-]{subsection.7.3}{\376\377\000A\000i\000r\000f\000l\000o\000w\000\040\000D\000A\000G}{section.7}% 30
\BOOKMARK [3][-]{subsubsection.7.3.1}{\376\377\000D\000A\000G\000\040\000W\000o\000r\000k\000f\000l\000o\000w}{subsection.7.3}% 31
\BOOKMARK [3][-]{subsubsection.7.3.2}{\376\377\000T\000a\000s\000k\000\040\000D\000e\000s\000c\000r\000i\000p\000t\000i\000o\000n\000s}{subsection.7.3}% 32
\BOOKMARK [1][-]{section.8}{\376\377\000F\000u\000l\000l\000\040\000C\000a\000l\000l\000-\000S\000t\000a\000c\000k\000\040\000S\000u\000m\000m\000a\000r\000y}{}% 33
\BOOKMARK [1][-]{appendix.A}{\376\377\000S\000o\000u\000r\000c\000e\000\040\000C\000o\000d\000e\000:\000\040\000p\000n\000l\000\137\000r\000e\000a\000l\000i\000s\000e\000d\000\137\000p\000o\000l\000a\000r\000s}{}% 34
